12:55:43.210 [TestNG-tests-2] INFO  testCases.TC_001_CarLoan - Entering loan Fees value..
12:55:43.211 [TestNG-tests-1] INFO  testCases.TC_001_CarLoan - Entering loan Fees value..
12:55:43.251 [TestNG-tests-1] ERROR testCases.TC_001_CarLoan - Test Failed..
12:55:43.252 [TestNG-tests-2] ERROR testCases.TC_001_CarLoan - Test Failed..
12:55:43.263 [TestNG-tests-2] INFO  testCases.TC_001_CarLoan - **** starting TC_003_Amount TestCase  *****
12:55:43.266 [TestNG-tests-1] INFO  testCases.TC_001_CarLoan - **** starting TC_003_Amount TestCase  *****
12:55:43.271 [TestNG-tests-2] ERROR testCases.TC_001_CarLoan - Test Failed..
12:55:43.272 [TestNG-tests-1] ERROR testCases.TC_001_CarLoan - Test Failed..
12:55:43.281 [TestNG-tests-1] INFO  testCases.TC_001_CarLoan - Entering Loan Value..
12:55:43.283 [TestNG-tests-2] INFO  testCases.TC_001_CarLoan - Entering Loan Value..
12:55:43.290 [TestNG-tests-1] ERROR testCases.TC_001_CarLoan - Test Failed..
12:55:43.296 [TestNG-tests-2] ERROR testCases.TC_001_CarLoan - Test Failed..
12:55:43.302 [TestNG-tests-1] INFO  testCases.TC_001_CarLoan - Entering Loan Interest Value..
12:55:43.308 [TestNG-tests-2] INFO  testCases.TC_001_CarLoan - Entering Loan Interest Value..
12:55:43.313 [TestNG-tests-1] ERROR testCases.TC_001_CarLoan - Test Failed..
12:55:43.317 [TestNG-tests-2] ERROR testCases.TC_001_CarLoan - Test Failed..
12:55:43.324 [TestNG-tests-1] INFO  testCases.TC_001_CarLoan - Entering Loan Tenure Value..
12:55:43.330 [TestNG-tests-2] INFO  testCases.TC_001_CarLoan - Entering Loan Tenure Value..
12:55:43.334 [TestNG-tests-1] ERROR testCases.TC_001_CarLoan - Test Failed..
12:55:43.339 [TestNG-tests-2] ERROR testCases.TC_001_CarLoan - Test Failed..
12:55:43.357 [TestNG-tests-1] INFO  testCases.TC_001_CarLoan - Entering Loan Fees Value..
12:55:43.358 [TestNG-tests-2] INFO  testCases.TC_001_CarLoan - Entering Loan Fees Value..
12:55:43.363 [TestNG-tests-2] ERROR testCases.TC_001_CarLoan - Test Failed..
12:55:43.364 [TestNG-tests-1] ERROR testCases.TC_001_CarLoan - Test Failed..
12:55:43.372 [TestNG-tests-2] INFO  testCases.TC_001_CarLoan - **** starting TC_004_LoanTenureCal TestCase  *****
12:55:43.373 [TestNG-tests-1] INFO  testCases.TC_001_CarLoan - **** starting TC_004_LoanTenureCal TestCase  *****
12:55:43.378 [TestNG-tests-2] ERROR testCases.TC_001_CarLoan - Test Failed..
12:55:43.379 [TestNG-tests-1] ERROR testCases.TC_001_CarLoan - Test Failed..
12:55:43.386 [TestNG-tests-2] INFO  testCases.TC_001_CarLoan - Entering Loan Amount Value..
12:55:43.387 [TestNG-tests-1] INFO  testCases.TC_001_CarLoan - Entering Loan Amount Value..
12:55:43.393 [TestNG-tests-2] ERROR testCases.TC_001_CarLoan - Test Failed..
12:55:43.393 [TestNG-tests-1] ERROR testCases.TC_001_CarLoan - Test Failed..
12:55:43.401 [TestNG-tests-2] INFO  testCases.TC_001_CarLoan - Entering Interest Value..
12:55:43.403 [TestNG-tests-1] INFO  testCases.TC_001_CarLoan - Entering Interest Value..
12:55:43.406 [TestNG-tests-2] ERROR testCases.TC_001_CarLoan - Test Failed..
12:55:43.407 [TestNG-tests-1] ERROR testCases.TC_001_CarLoan - Test Failed..
12:55:43.415 [TestNG-tests-2] INFO  testCases.TC_001_CarLoan - Entering Tenure Value..
12:55:43.415 [TestNG-tests-1] INFO  testCases.TC_001_CarLoan - Entering Tenure Value..
12:55:43.420 [TestNG-tests-1] ERROR testCases.TC_001_CarLoan - Test Failed..
12:55:43.420 [TestNG-tests-2] ERROR testCases.TC_001_CarLoan - Test Failed..
12:55:45.207 [main] ERROR testCases.TC_001_CarLoan - Test Failed..
12:55:45.219 [main] INFO  testCases.TC_001_CarLoan - Entering loan Interest value..
12:55:45.231 [main] ERROR testCases.TC_001_CarLoan - Test Failed..
12:55:45.244 [main] INFO  testCases.TC_001_CarLoan - Entering loan Tenure value..
12:55:45.257 [main] ERROR testCases.TC_001_CarLoan - Test Failed..
12:55:45.268 [main] INFO  testCases.TC_001_CarLoan - Entering loan Fees value..
12:55:45.281 [main] ERROR testCases.TC_001_CarLoan - Test Failed..
12:55:45.302 [main] INFO  testCases.TC_001_CarLoan - **** starting TC_003_Amount TestCase  *****
12:55:45.309 [main] ERROR testCases.TC_001_CarLoan - Test Failed..
12:55:45.319 [main] INFO  testCases.TC_001_CarLoan - Entering Loan Value..
12:55:45.326 [main] ERROR testCases.TC_001_CarLoan - Test Failed..
12:55:45.340 [main] INFO  testCases.TC_001_CarLoan - Entering Loan Interest Value..
12:55:45.346 [main] ERROR testCases.TC_001_CarLoan - Test Failed..
12:55:45.356 [main] INFO  testCases.TC_001_CarLoan - Entering Loan Tenure Value..
12:55:45.365 [main] ERROR testCases.TC_001_CarLoan - Test Failed..
12:55:45.373 [main] INFO  testCases.TC_001_CarLoan - Entering Loan Fees Value..
12:55:45.380 [main] ERROR testCases.TC_001_CarLoan - Test Failed..
12:55:45.389 [main] INFO  testCases.TC_001_CarLoan - **** starting TC_004_LoanTenureCal TestCase  *****
12:55:45.395 [main] ERROR testCases.TC_001_CarLoan - Test Failed..
12:55:45.407 [main] INFO  testCases.TC_001_CarLoan - Entering Loan Amount Value..
12:55:45.414 [main] ERROR testCases.TC_001_CarLoan - Test Failed..
12:55:45.429 [main] INFO  testCases.TC_001_CarLoan - Entering Interest Value..
12:55:45.437 [main] ERROR testCases.TC_001_CarLoan - Test Failed..
12:55:45.449 [main] INFO  testCases.TC_001_CarLoan - Entering Tenure Value..
12:55:45.455 [main] ERROR testCases.TC_001_CarLoan - Test Failed..
