15:37:35.863 [main] WARN  org.testng.xml.TestNGContentHandler - It is strongly recommended to add "<!DOCTYPE suite SYSTEM "https://testng.org/testng-1.1.dtd" >" at the top of the suite file [C:\Users\2303503\eclipse-workspace\Hackathon-Project\testng.xml] otherwise TestNG may fail or not work as expected.
15:37:36.457 [main] INFO  org.testng.internal.Utils - [TestNG] Running:
  C:\Users\2303503\eclipse-workspace\Hackathon-Project\testng.xml

15:37:44.408 [main] INFO  testCases.TC_001_CarLoan - **** starting TC_001_CarLoanEmi TestCase  *****
15:37:44.475 [main] INFO  testCases.TC_001_CarLoan - Entering Car Loan Amount..
15:37:44.882 [main] INFO  testCases.TC_001_CarLoan - Entering Car Loan Interest..
15:37:45.147 [main] INFO  testCases.TC_001_CarLoan - Entering Car Loan Tenure..
15:37:45.685 [main] INFO  testCases.TC_001_CarLoan - Printing Principal Amount and Interest Amount on console..
15:37:54.479 [main] INFO  testCases.TC_001_CarLoan - **** starting TC_002_EMI TestCase  *****
15:37:55.469 [main] INFO  testCases.TC_001_CarLoan - Entering loan Amount value..
15:37:58.621 [main] INFO  testCases.TC_001_CarLoan - Entering loan Interest value..
15:38:01.885 [main] INFO  testCases.TC_001_CarLoan - Entering loan Tenure value..
15:38:02.504 [main] INFO  testCases.TC_001_CarLoan - Entering loan Fees value..
15:38:06.085 [main] INFO  testCases.TC_001_CarLoan - **** starting TC_003_Amount TestCase  *****
15:38:06.311 [main] INFO  testCases.TC_001_CarLoan - Entering Loan Value..
15:38:09.376 [main] INFO  testCases.TC_001_CarLoan - Entering Loan Interest Value..
15:38:12.496 [main] INFO  testCases.TC_001_CarLoan - Entering Loan Tenure Value..
15:38:13.107 [main] INFO  testCases.TC_001_CarLoan - Entering Loan Fees Value..
15:38:16.584 [main] INFO  testCases.TC_001_CarLoan - **** starting TC_004_LoanTenureCal TestCase  *****
15:38:16.858 [main] INFO  testCases.TC_001_CarLoan - Entering Loan Amount Value..
15:38:20.307 [main] INFO  testCases.TC_001_CarLoan - Entering Interest Value..
15:38:23.491 [main] INFO  testCases.TC_001_CarLoan - Entering Tenure Value..
15:45:32.645 [main] WARN  org.testng.xml.TestNGContentHandler - It is strongly recommended to add "<!DOCTYPE suite SYSTEM "https://testng.org/testng-1.1.dtd" >" at the top of the suite file [C:\Users\2303503\eclipse-workspace\Hackathon-Project\testng.xml] otherwise TestNG may fail or not work as expected.
15:45:33.294 [main] INFO  org.testng.internal.Utils - [TestNG] Running:
  C:\Users\2303503\eclipse-workspace\Hackathon-Project\testng.xml

15:45:42.065 [main] INFO  testCases.TC_001_CarLoan - **** starting TC_001_CarLoanEmi TestCase  *****
15:45:42.541 [main] INFO  testCases.TC_001_CarLoan - Entering Car Loan Amount..
15:45:43.226 [main] INFO  testCases.TC_001_CarLoan - Entering Car Loan Interest..
15:45:43.592 [main] INFO  testCases.TC_001_CarLoan - Entering Car Loan Tenure..
15:45:44.331 [main] INFO  testCases.TC_001_CarLoan - Printing Principal Amount and Interest Amount on console..
15:57:08.326 [main] WARN  org.testng.xml.TestNGContentHandler - It is strongly recommended to add "<!DOCTYPE suite SYSTEM "https://testng.org/testng-1.1.dtd" >" at the top of the suite file [C:\Users\2303503\eclipse-workspace\Hackathon-Project\testng.xml] otherwise TestNG may fail or not work as expected.
15:57:09.056 [main] INFO  org.testng.internal.Utils - [TestNG] Running:
  C:\Users\2303503\eclipse-workspace\Hackathon-Project\testng.xml

15:57:18.049 [main] INFO  testCases.TC_001_CarLoan - **** starting TC_001_CarLoanEmi TestCase  *****
15:57:18.296 [main] INFO  testCases.TC_001_CarLoan - Entering Car Loan Amount..
15:57:18.664 [main] INFO  testCases.TC_001_CarLoan - Entering Car Loan Interest..
15:57:18.945 [main] INFO  testCases.TC_001_CarLoan - Entering Car Loan Tenure..
15:57:19.543 [main] INFO  testCases.TC_001_CarLoan - Printing Principal Amount and Interest Amount on console..
15:57:28.555 [main] INFO  testCases.TC_001_CarLoan - **** starting TC_002_EMI TestCase  *****
15:57:29.745 [main] INFO  testCases.TC_001_CarLoan - Entering loan Amount value..
15:57:33.269 [main] INFO  testCases.TC_001_CarLoan - Entering loan Interest value..
15:57:36.816 [main] INFO  testCases.TC_001_CarLoan - Entering loan Tenure value..
15:57:37.563 [main] INFO  testCases.TC_001_CarLoan - Entering loan Fees value..
15:57:41.159 [main] INFO  testCases.TC_001_CarLoan - **** starting TC_003_Amount TestCase  *****
15:57:41.620 [main] INFO  testCases.TC_001_CarLoan - Entering Loan Value..
15:57:45.002 [main] INFO  testCases.TC_001_CarLoan - Entering Loan Interest Value..
15:57:48.336 [main] INFO  testCases.TC_001_CarLoan - Entering Loan Tenure Value..
15:57:49.086 [main] INFO  testCases.TC_001_CarLoan - Entering Loan Fees Value..
15:57:52.708 [main] INFO  testCases.TC_001_CarLoan - **** starting TC_004_LoanTenureCal TestCase  *****
15:57:53.247 [main] INFO  testCases.TC_001_CarLoan - Entering Loan Amount Value..
15:57:56.964 [main] INFO  testCases.TC_001_CarLoan - Entering Interest Value..
